{"C:\\Users\\MyComputer\\Desktop\\rsschool-react\\src\\api\\getData.ts": {"path":"C:\\Users\\MyComputer\\Desktop\\rsschool-react\\src\\api\\getData.ts","statementMap":{"0":{"start":{"line":3,"column":16},"end":{"line":3,"column":51}},"1":{"start":{"line":4,"column":16},"end":{"line":4,"column":50}},"2":{"start":{"line":7,"column":29},"end":{"line":8,"column":null}},"3":{"start":{"line":11,"column":38},"end":{"line":11,"column":59}},"4":{"start":{"line":13,"column":2},"end":{"line":13,"column":20}},"5":{"start":{"line":15,"column":2},"end":{"line":15,"column":23}},"6":{"start":{"line":6,"column":0},"end":{"line":6,"column":7}}},"fnMap":{"0":{"name":"getData","decl":{"start":{"line":6,"column":22},"end":{"line":6,"column":29}},"loc":{"start":{"line":6,"column":75},"end":{"line":16,"column":1}}}},"branchMap":{},"s":{"0":1,"1":1,"2":0,"3":0,"4":0,"5":0,"6":1},"f":{"0":0},"b":{}}
,"C:\\Users\\MyComputer\\Desktop\\rsschool-react\\src\\components\\Card\\Card.tsx": {"path":"C:\\Users\\MyComputer\\Desktop\\rsschool-react\\src\\components\\Card\\Card.tsx","statementMap":{"0":{"start":{"line":2,"column":0},"end":{"line":2,"column":20}},"1":{"start":{"line":9,"column":2},"end":{"line":24,"column":4}},"2":{"start":{"line":8,"column":0},"end":{"line":8,"column":16}}},"fnMap":{"0":{"name":"Card","decl":{"start":{"line":8,"column":16},"end":{"line":8,"column":20}},"loc":{"start":{"line":8,"column":56},"end":{"line":25,"column":1}}}},"branchMap":{},"s":{"0":1,"1":2,"2":1},"f":{"0":2},"b":{}}
,"C:\\Users\\MyComputer\\Desktop\\rsschool-react\\src\\components\\CardsList\\CardsList.tsx": {"path":"C:\\Users\\MyComputer\\Desktop\\rsschool-react\\src\\components\\CardsList\\CardsList.tsx","statementMap":{"0":{"start":{"line":1,"column":0},"end":{"line":1,"column":35}},"1":{"start":{"line":2,"column":0},"end":{"line":2,"column":65}},"2":{"start":{"line":3,"column":0},"end":{"line":3,"column":36}},"3":{"start":{"line":4,"column":0},"end":{"line":4,"column":25}},"4":{"start":{"line":7,"column":18},"end":{"line":7,"column":40}},"5":{"start":{"line":9,"column":2},"end":{"line":27,"column":4}},"6":{"start":{"line":14,"column":12},"end":{"line":17,"column":null}},"7":{"start":{"line":17,"column":30},"end":{"line":17,"column":52}},"8":{"start":{"line":6,"column":0},"end":{"line":6,"column":16}}},"fnMap":{"0":{"name":"CardsList","decl":{"start":{"line":6,"column":16},"end":{"line":6,"column":25}},"loc":{"start":{"line":6,"column":25},"end":{"line":28,"column":1}}},"1":{"name":"(anonymous_1)","decl":{"start":{"line":13,"column":31},"end":{"line":13,"column":32}},"loc":{"start":{"line":14,"column":12},"end":{"line":17,"column":null}}},"2":{"name":"(anonymous_2)","decl":{"start":{"line":17,"column":24},"end":{"line":17,"column":27}},"loc":{"start":{"line":17,"column":30},"end":{"line":17,"column":52}}}},"branchMap":{"0":{"loc":{"start":{"line":12,"column":9},"end":{"line":23,"column":null}},"type":"cond-expr","locations":[{"start":{"line":13,"column":10},"end":{"line":19,"column":12}},{"start":{"line":21,"column":10},"end":{"line":21,"column":null}}]}},"s":{"0":1,"1":1,"2":1,"3":1,"4":2,"5":2,"6":2,"7":0,"8":1},"f":{"0":2,"1":2,"2":0},"b":{"0":[1,1]}}
,"C:\\Users\\MyComputer\\Desktop\\rsschool-react\\src\\components\\SearchBar\\SearchBar.tsx": {"path":"C:\\Users\\MyComputer\\Desktop\\rsschool-react\\src\\components\\SearchBar\\SearchBar.tsx","statementMap":{"0":{"start":{"line":1,"column":0},"end":{"line":1,"column":67}},"1":{"start":{"line":2,"column":0},"end":{"line":2,"column":51}},"2":{"start":{"line":3,"column":0},"end":{"line":3,"column":44}},"3":{"start":{"line":4,"column":0},"end":{"line":4,"column":52}},"4":{"start":{"line":5,"column":0},"end":{"line":5,"column":25}},"5":{"start":{"line":8,"column":18},"end":{"line":8,"column":40}},"6":{"start":{"line":10,"column":30},"end":{"line":10,"column":47}},"7":{"start":{"line":12,"column":19},"end":{"line":12,"column":56}},"8":{"start":{"line":14,"column":2},"end":{"line":16,"column":39}},"9":{"start":{"line":15,"column":4},"end":{"line":15,"column":22}},"10":{"start":{"line":19,"column":4},"end":{"line":19,"column":47}},"11":{"start":{"line":23,"column":4},"end":{"line":23,"column":31}},"12":{"start":{"line":24,"column":4},"end":{"line":24,"column":44}},"13":{"start":{"line":26,"column":4},"end":{"line":26,"column":19}},"14":{"start":{"line":30,"column":4},"end":{"line":30,"column":30}},"15":{"start":{"line":34,"column":4},"end":{"line":44,"column":11}},"16":{"start":{"line":48,"column":4},"end":{"line":48,"column":44}},"17":{"start":{"line":49,"column":4},"end":{"line":49,"column":61}},"18":{"start":{"line":51,"column":4},"end":{"line":51,"column":23}},"19":{"start":{"line":52,"column":4},"end":{"line":52,"column":70}},"20":{"start":{"line":54,"column":4},"end":{"line":54,"column":22}},"21":{"start":{"line":57,"column":2},"end":{"line":84,"column":4}},"22":{"start":{"line":7,"column":0},"end":{"line":7,"column":16}}},"fnMap":{"0":{"name":"SearchBar","decl":{"start":{"line":7,"column":16},"end":{"line":7,"column":25}},"loc":{"start":{"line":7,"column":25},"end":{"line":85,"column":1}}},"1":{"name":"(anonymous_1)","decl":{"start":{"line":14,"column":12},"end":{"line":14,"column":15}},"loc":{"start":{"line":14,"column":17},"end":{"line":16,"column":3}}},"2":{"name":"onInputChange","decl":{"start":{"line":18,"column":11},"end":{"line":18,"column":24}},"loc":{"start":{"line":18,"column":61},"end":{"line":20,"column":3}}},"3":{"name":"onInputClear","decl":{"start":{"line":22,"column":11},"end":{"line":22,"column":23}},"loc":{"start":{"line":22,"column":23},"end":{"line":27,"column":3}}},"4":{"name":"onInputFocus","decl":{"start":{"line":29,"column":11},"end":{"line":29,"column":23}},"loc":{"start":{"line":29,"column":23},"end":{"line":31,"column":3}}},"5":{"name":"displayArticles","decl":{"start":{"line":33,"column":17},"end":{"line":33,"column":32}},"loc":{"start":{"line":33,"column":32},"end":{"line":45,"column":3}}},"6":{"name":"handleSearch","decl":{"start":{"line":47,"column":11},"end":{"line":47,"column":23}},"loc":{"start":{"line":47,"column":23},"end":{"line":55,"column":3}}}},"branchMap":{"0":{"loc":{"start":{"line":34,"column":4},"end":{"line":44,"column":10}},"type":"cond-expr","locations":[{"start":{"line":35,"column":8},"end":{"line":41,"column":10}},{"start":{"line":42,"column":8},"end":{"line":44,"column":10}}]}},"s":{"0":1,"1":1,"2":1,"3":1,"4":1,"5":17,"6":16,"7":0,"8":0,"9":0,"10":0,"11":0,"12":0,"13":0,"14":0,"15":0,"16":0,"17":0,"18":0,"19":0,"20":0,"21":0,"22":1},"f":{"0":17,"1":0,"2":0,"3":0,"4":0,"5":0,"6":0},"b":{"0":[0,0]}}
,"C:\\Users\\MyComputer\\Desktop\\rsschool-react\\src\\store\\appContext.ts": {"path":"C:\\Users\\MyComputer\\Desktop\\rsschool-react\\src\\store\\appContext.ts","statementMap":{"0":{"start":{"line":1,"column":0},"end":{"line":1,"column":38}},"1":{"start":{"line":15,"column":13},"end":{"line":24,"column":3}},"2":{"start":{"line":26,"column":13},"end":{"line":26,"column":47}}},"fnMap":{"0":{"name":"(anonymous_0)","decl":{"start":{"line":17,"column":18},"end":{"line":17,"column":21}},"loc":{"start":{"line":17,"column":23},"end":{"line":17,"column":26}}},"1":{"name":"(anonymous_1)","decl":{"start":{"line":19,"column":11},"end":{"line":19,"column":14}},"loc":{"start":{"line":19,"column":16},"end":{"line":19,"column":19}}},"2":{"name":"(anonymous_2)","decl":{"start":{"line":21,"column":15},"end":{"line":21,"column":18}},"loc":{"start":{"line":21,"column":20},"end":{"line":21,"column":23}}},"3":{"name":"(anonymous_3)","decl":{"start":{"line":23,"column":15},"end":{"line":23,"column":18}},"loc":{"start":{"line":23,"column":20},"end":{"line":23,"column":23}}}},"branchMap":{},"s":{"0":2,"1":2,"2":2},"f":{"0":0,"1":0,"2":0,"3":0},"b":{}}
}
