{"C:\\Users\\MyComputer\\Desktop\\rsschool-react\\src\\App.tsx": {"path":"C:\\Users\\MyComputer\\Desktop\\rsschool-react\\src\\App.tsx","statementMap":{"0":{"start":{"line":1,"column":0},"end":{"line":1,"column":49}},"1":{"start":{"line":2,"column":0},"end":{"line":2,"column":49}},"2":{"start":{"line":3,"column":0},"end":{"line":3,"column":55}},"3":{"start":{"line":6,"column":2},"end":{"line":13,"column":4}},"4":{"start":{"line":5,"column":0},"end":{"line":5,"column":16}}},"fnMap":{"0":{"name":"App","decl":{"start":{"line":5,"column":16},"end":{"line":5,"column":19}},"loc":{"start":{"line":5,"column":19},"end":{"line":14,"column":1}}}},"branchMap":{},"s":{"0":1,"1":1,"2":1,"3":1,"4":1},"f":{"0":1},"b":{}}
,"C:\\Users\\MyComputer\\Desktop\\rsschool-react\\src\\api\\getData.ts": {"path":"C:\\Users\\MyComputer\\Desktop\\rsschool-react\\src\\api\\getData.ts","statementMap":{"0":{"start":{"line":3,"column":16},"end":{"line":3,"column":51}},"1":{"start":{"line":4,"column":16},"end":{"line":4,"column":50}},"2":{"start":{"line":7,"column":29},"end":{"line":8,"column":null}},"3":{"start":{"line":11,"column":38},"end":{"line":11,"column":59}},"4":{"start":{"line":13,"column":2},"end":{"line":13,"column":23}},"5":{"start":{"line":6,"column":0},"end":{"line":6,"column":7}}},"fnMap":{"0":{"name":"getData","decl":{"start":{"line":6,"column":22},"end":{"line":6,"column":29}},"loc":{"start":{"line":6,"column":75},"end":{"line":14,"column":1}}}},"branchMap":{},"s":{"0":2,"1":2,"2":5,"3":0,"4":0,"5":2},"f":{"0":5},"b":{}}
,"C:\\Users\\MyComputer\\Desktop\\rsschool-react\\src\\components\\Card\\Card.tsx": {"path":"C:\\Users\\MyComputer\\Desktop\\rsschool-react\\src\\components\\Card\\Card.tsx","statementMap":{"0":{"start":{"line":2,"column":0},"end":{"line":2,"column":20}},"1":{"start":{"line":9,"column":2},"end":{"line":21,"column":4}},"2":{"start":{"line":8,"column":0},"end":{"line":8,"column":16}}},"fnMap":{"0":{"name":"Card","decl":{"start":{"line":8,"column":16},"end":{"line":8,"column":20}},"loc":{"start":{"line":8,"column":56},"end":{"line":22,"column":1}}}},"branchMap":{},"s":{"0":3,"1":4,"2":3},"f":{"0":4},"b":{}}
,"C:\\Users\\MyComputer\\Desktop\\rsschool-react\\src\\components\\CardsList\\CardsList.tsx": {"path":"C:\\Users\\MyComputer\\Desktop\\rsschool-react\\src\\components\\CardsList\\CardsList.tsx","statementMap":{"0":{"start":{"line":1,"column":0},"end":{"line":1,"column":35}},"1":{"start":{"line":2,"column":0},"end":{"line":2,"column":65}},"2":{"start":{"line":3,"column":0},"end":{"line":3,"column":36}},"3":{"start":{"line":4,"column":0},"end":{"line":4,"column":25}},"4":{"start":{"line":7,"column":18},"end":{"line":7,"column":40}},"5":{"start":{"line":9,"column":2},"end":{"line":27,"column":4}},"6":{"start":{"line":14,"column":12},"end":{"line":17,"column":null}},"7":{"start":{"line":17,"column":30},"end":{"line":17,"column":52}},"8":{"start":{"line":6,"column":0},"end":{"line":6,"column":16}}},"fnMap":{"0":{"name":"CardsList","decl":{"start":{"line":6,"column":16},"end":{"line":6,"column":25}},"loc":{"start":{"line":6,"column":25},"end":{"line":28,"column":1}}},"1":{"name":"(anonymous_1)","decl":{"start":{"line":13,"column":31},"end":{"line":13,"column":32}},"loc":{"start":{"line":14,"column":12},"end":{"line":17,"column":null}}},"2":{"name":"(anonymous_2)","decl":{"start":{"line":17,"column":24},"end":{"line":17,"column":27}},"loc":{"start":{"line":17,"column":30},"end":{"line":17,"column":52}}}},"branchMap":{"0":{"loc":{"start":{"line":12,"column":9},"end":{"line":23,"column":null}},"type":"cond-expr","locations":[{"start":{"line":13,"column":10},"end":{"line":19,"column":12}},{"start":{"line":21,"column":10},"end":{"line":21,"column":null}}]}},"s":{"0":2,"1":2,"2":2,"3":2,"4":3,"5":3,"6":2,"7":0,"8":2},"f":{"0":3,"1":2,"2":0},"b":{"0":[1,2]}}
,"C:\\Users\\MyComputer\\Desktop\\rsschool-react\\src\\components\\PageSizeBtns\\PageSizeBtns.tsx": {"path":"C:\\Users\\MyComputer\\Desktop\\rsschool-react\\src\\components\\PageSizeBtns\\PageSizeBtns.tsx","statementMap":{"0":{"start":{"line":1,"column":0},"end":{"line":1,"column":35}},"1":{"start":{"line":2,"column":0},"end":{"line":2,"column":51}},"2":{"start":{"line":3,"column":0},"end":{"line":3,"column":44}},"3":{"start":{"line":4,"column":0},"end":{"line":4,"column":52}},"4":{"start":{"line":5,"column":0},"end":{"line":5,"column":28}},"5":{"start":{"line":8,"column":18},"end":{"line":8,"column":40}},"6":{"start":{"line":9,"column":30},"end":{"line":9,"column":47}},"7":{"start":{"line":11,"column":23},"end":{"line":11,"column":35}},"8":{"start":{"line":14,"column":4},"end":{"line":14,"column":44}},"9":{"start":{"line":15,"column":4},"end":{"line":15,"column":54}},"10":{"start":{"line":17,"column":4},"end":{"line":17,"column":23}},"11":{"start":{"line":18,"column":4},"end":{"line":18,"column":29}},"12":{"start":{"line":20,"column":4},"end":{"line":20,"column":70}},"13":{"start":{"line":22,"column":4},"end":{"line":22,"column":52}},"14":{"start":{"line":24,"column":2},"end":{"line":37,"column":4}},"15":{"start":{"line":28,"column":8},"end":{"line":30,"column":null}},"16":{"start":{"line":31,"column":31},"end":{"line":31,"column":53}},"17":{"start":{"line":7,"column":0},"end":{"line":7,"column":16}}},"fnMap":{"0":{"name":"PageSizeBtns","decl":{"start":{"line":7,"column":16},"end":{"line":7,"column":28}},"loc":{"start":{"line":7,"column":28},"end":{"line":38,"column":1}}},"1":{"name":"handleCardsQtyBtns","decl":{"start":{"line":13,"column":11},"end":{"line":13,"column":29}},"loc":{"start":{"line":13,"column":41},"end":{"line":23,"column":3}}},"2":{"name":"(anonymous_2)","decl":{"start":{"line":27,"column":24},"end":{"line":27,"column":25}},"loc":{"start":{"line":28,"column":8},"end":{"line":30,"column":null}}},"3":{"name":"(anonymous_3)","decl":{"start":{"line":31,"column":19},"end":{"line":31,"column":28}},"loc":{"start":{"line":31,"column":31},"end":{"line":31,"column":53}}}},"branchMap":{},"s":{"0":1,"1":1,"2":1,"3":1,"4":1,"5":2,"6":2,"7":2,"8":0,"9":0,"10":0,"11":0,"12":0,"13":0,"14":2,"15":6,"16":0,"17":1},"f":{"0":2,"1":0,"2":6,"3":0},"b":{}}
,"C:\\Users\\MyComputer\\Desktop\\rsschool-react\\src\\components\\Pagination\\Pagination.tsx": {"path":"C:\\Users\\MyComputer\\Desktop\\rsschool-react\\src\\components\\Pagination\\Pagination.tsx","statementMap":{"0":{"start":{"line":1,"column":0},"end":{"line":1,"column":46}},"1":{"start":{"line":2,"column":0},"end":{"line":2,"column":51}},"2":{"start":{"line":3,"column":0},"end":{"line":3,"column":44}},"3":{"start":{"line":4,"column":0},"end":{"line":4,"column":52}},"4":{"start":{"line":5,"column":0},"end":{"line":5,"column":26}},"5":{"start":{"line":8,"column":18},"end":{"line":8,"column":40}},"6":{"start":{"line":10,"column":30},"end":{"line":10,"column":47}},"7":{"start":{"line":12,"column":2},"end":{"line":14,"column":21}},"8":{"start":{"line":13,"column":4},"end":{"line":13,"column":35}},"9":{"start":{"line":16,"column":23},"end":{"line":16,"column":26}},"10":{"start":{"line":17,"column":16},"end":{"line":17,"column":66}},"11":{"start":{"line":20,"column":4},"end":{"line":30,"column":11}},"12":{"start":{"line":34,"column":4},"end":{"line":34,"column":52}},"13":{"start":{"line":36,"column":4},"end":{"line":36,"column":31}},"14":{"start":{"line":37,"column":4},"end":{"line":40,"column":7}},"15":{"start":{"line":42,"column":4},"end":{"line":42,"column":22}},"16":{"start":{"line":45,"column":2},"end":{"line":59,"column":4}},"17":{"start":{"line":48,"column":8},"end":{"line":50,"column":null}},"18":{"start":{"line":52,"column":12},"end":{"line":52,"column":37}},"19":{"start":{"line":7,"column":0},"end":{"line":7,"column":16}}},"fnMap":{"0":{"name":"Pagination","decl":{"start":{"line":7,"column":16},"end":{"line":7,"column":26}},"loc":{"start":{"line":7,"column":26},"end":{"line":60,"column":1}}},"1":{"name":"(anonymous_1)","decl":{"start":{"line":12,"column":12},"end":{"line":12,"column":21}},"loc":{"start":{"line":12,"column":23},"end":{"line":14,"column":3}}},"2":{"name":"displayArticles","decl":{"start":{"line":19,"column":17},"end":{"line":19,"column":32}},"loc":{"start":{"line":19,"column":32},"end":{"line":31,"column":3}}},"3":{"name":"handlePagination","decl":{"start":{"line":33,"column":17},"end":{"line":33,"column":33}},"loc":{"start":{"line":33,"column":51},"end":{"line":43,"column":3}}},"4":{"name":"(anonymous_4)","decl":{"start":{"line":47,"column":17},"end":{"line":47,"column":18}},"loc":{"start":{"line":48,"column":8},"end":{"line":50,"column":null}}},"5":{"name":"(anonymous_5)","decl":{"start":{"line":51,"column":19},"end":{"line":51,"column":28}},"loc":{"start":{"line":51,"column":30},"end":{"line":53,"column":11}}}},"branchMap":{"0":{"loc":{"start":{"line":20,"column":4},"end":{"line":30,"column":10}},"type":"cond-expr","locations":[{"start":{"line":21,"column":8},"end":{"line":27,"column":10}},{"start":{"line":28,"column":8},"end":{"line":30,"column":10}}]}},"s":{"0":1,"1":1,"2":1,"3":1,"4":1,"5":2,"6":2,"7":2,"8":1,"9":2,"10":2,"11":1,"12":1,"13":1,"14":1,"15":1,"16":2,"17":20,"18":0,"19":1},"f":{"0":2,"1":1,"2":1,"3":1,"4":20,"5":0},"b":{"0":[0,1]}}
,"C:\\Users\\MyComputer\\Desktop\\rsschool-react\\src\\components\\SearchBar\\SearchBar.tsx": {"path":"C:\\Users\\MyComputer\\Desktop\\rsschool-react\\src\\components\\SearchBar\\SearchBar.tsx","statementMap":{"0":{"start":{"line":1,"column":0},"end":{"line":1,"column":null}},"1":{"start":{"line":8,"column":0},"end":{"line":8,"column":51}},"2":{"start":{"line":9,"column":0},"end":{"line":9,"column":44}},"3":{"start":{"line":10,"column":0},"end":{"line":10,"column":52}},"4":{"start":{"line":11,"column":0},"end":{"line":11,"column":25}},"5":{"start":{"line":14,"column":18},"end":{"line":14,"column":40}},"6":{"start":{"line":16,"column":30},"end":{"line":16,"column":47}},"7":{"start":{"line":18,"column":19},"end":{"line":18,"column":56}},"8":{"start":{"line":20,"column":2},"end":{"line":22,"column":39}},"9":{"start":{"line":21,"column":4},"end":{"line":21,"column":22}},"10":{"start":{"line":25,"column":4},"end":{"line":25,"column":47}},"11":{"start":{"line":29,"column":4},"end":{"line":29,"column":31}},"12":{"start":{"line":30,"column":4},"end":{"line":30,"column":44}},"13":{"start":{"line":32,"column":4},"end":{"line":32,"column":19}},"14":{"start":{"line":36,"column":4},"end":{"line":36,"column":30}},"15":{"start":{"line":40,"column":4},"end":{"line":50,"column":11}},"16":{"start":{"line":54,"column":4},"end":{"line":54,"column":27}},"17":{"start":{"line":56,"column":4},"end":{"line":56,"column":44}},"18":{"start":{"line":57,"column":4},"end":{"line":57,"column":61}},"19":{"start":{"line":59,"column":4},"end":{"line":59,"column":23}},"20":{"start":{"line":60,"column":4},"end":{"line":60,"column":70}},"21":{"start":{"line":62,"column":4},"end":{"line":62,"column":22}},"22":{"start":{"line":65,"column":2},"end":{"line":93,"column":4}},"23":{"start":{"line":13,"column":0},"end":{"line":13,"column":16}}},"fnMap":{"0":{"name":"SearchBar","decl":{"start":{"line":13,"column":16},"end":{"line":13,"column":25}},"loc":{"start":{"line":13,"column":25},"end":{"line":94,"column":1}}},"1":{"name":"(anonymous_1)","decl":{"start":{"line":20,"column":12},"end":{"line":20,"column":15}},"loc":{"start":{"line":20,"column":17},"end":{"line":22,"column":3}}},"2":{"name":"onInputChange","decl":{"start":{"line":24,"column":11},"end":{"line":24,"column":24}},"loc":{"start":{"line":24,"column":61},"end":{"line":26,"column":3}}},"3":{"name":"onInputClear","decl":{"start":{"line":28,"column":11},"end":{"line":28,"column":23}},"loc":{"start":{"line":28,"column":23},"end":{"line":33,"column":3}}},"4":{"name":"onInputFocus","decl":{"start":{"line":35,"column":11},"end":{"line":35,"column":23}},"loc":{"start":{"line":35,"column":23},"end":{"line":37,"column":3}}},"5":{"name":"displayArticles","decl":{"start":{"line":39,"column":17},"end":{"line":39,"column":32}},"loc":{"start":{"line":39,"column":32},"end":{"line":51,"column":3}}},"6":{"name":"handleSearch","decl":{"start":{"line":53,"column":11},"end":{"line":53,"column":23}},"loc":{"start":{"line":53,"column":45},"end":{"line":63,"column":3}}}},"branchMap":{"0":{"loc":{"start":{"line":40,"column":4},"end":{"line":50,"column":10}},"type":"cond-expr","locations":[{"start":{"line":41,"column":8},"end":{"line":47,"column":10}},{"start":{"line":48,"column":8},"end":{"line":50,"column":10}}]}},"s":{"0":2,"1":2,"2":2,"3":2,"4":2,"5":5,"6":5,"7":5,"8":5,"9":4,"10":1,"11":2,"12":2,"13":2,"14":2,"15":4,"16":0,"17":0,"18":0,"19":0,"20":0,"21":0,"22":5,"23":2},"f":{"0":5,"1":4,"2":1,"3":2,"4":2,"5":4,"6":0},"b":{"0":[0,4]}}
,"C:\\Users\\MyComputer\\Desktop\\rsschool-react\\src\\pages\\Main\\MainPage.tsx": {"path":"C:\\Users\\MyComputer\\Desktop\\rsschool-react\\src\\pages\\Main\\MainPage.tsx","statementMap":{"0":{"start":{"line":1,"column":0},"end":{"line":1,"column":33}},"1":{"start":{"line":3,"column":0},"end":{"line":3,"column":68}},"2":{"start":{"line":4,"column":0},"end":{"line":4,"column":65}},"3":{"start":{"line":5,"column":0},"end":{"line":5,"column":53}},"4":{"start":{"line":6,"column":0},"end":{"line":6,"column":74}},"5":{"start":{"line":7,"column":0},"end":{"line":7,"column":65}},"6":{"start":{"line":8,"column":0},"end":{"line":8,"column":24}},"7":{"start":{"line":11,"column":40},"end":{"line":12,"column":null}},"8":{"start":{"line":15,"column":26},"end":{"line":15,"column":77}},"9":{"start":{"line":17,"column":34},"end":{"line":18,"column":null}},"10":{"start":{"line":21,"column":34},"end":{"line":21,"column":66}},"11":{"start":{"line":23,"column":2},"end":{"line":44,"column":4}},"12":{"start":{"line":10,"column":0},"end":{"line":10,"column":16}}},"fnMap":{"0":{"name":"MainPage","decl":{"start":{"line":10,"column":16},"end":{"line":10,"column":24}},"loc":{"start":{"line":10,"column":24},"end":{"line":45,"column":1}}}},"branchMap":{"0":{"loc":{"start":{"line":12,"column":4},"end":{"line":12,"column":45}},"type":"binary-expr","locations":[{"start":{"line":12,"column":4},"end":{"line":12,"column":39}},{"start":{"line":12,"column":43},"end":{"line":12,"column":45}}]},"1":{"loc":{"start":{"line":15,"column":35},"end":{"line":15,"column":76}},"type":"binary-expr","locations":[{"start":{"line":15,"column":35},"end":{"line":15,"column":71}},{"start":{"line":15,"column":75},"end":{"line":15,"column":76}}]},"2":{"loc":{"start":{"line":18,"column":4},"end":{"line":18,"column":54}},"type":"binary-expr","locations":[{"start":{"line":18,"column":4},"end":{"line":18,"column":48}},{"start":{"line":18,"column":52},"end":{"line":18,"column":54}}]}},"s":{"0":1,"1":1,"2":1,"3":1,"4":1,"5":1,"6":1,"7":1,"8":1,"9":1,"10":1,"11":1,"12":1},"f":{"0":1},"b":{"0":[1,1],"1":[1,1],"2":[1,1]}}
,"C:\\Users\\MyComputer\\Desktop\\rsschool-react\\src\\pages\\Main\\Page404\\Page404.tsx": {"path":"C:\\Users\\MyComputer\\Desktop\\rsschool-react\\src\\pages\\Main\\Page404\\Page404.tsx","statementMap":{"0":{"start":{"line":1,"column":0},"end":{"line":1,"column":40}},"1":{"start":{"line":2,"column":0},"end":{"line":2,"column":23}},"2":{"start":{"line":5,"column":2},"end":{"line":10,"column":4}},"3":{"start":{"line":4,"column":0},"end":{"line":4,"column":16}}},"fnMap":{"0":{"name":"Page404","decl":{"start":{"line":4,"column":16},"end":{"line":4,"column":23}},"loc":{"start":{"line":4,"column":23},"end":{"line":11,"column":1}}}},"branchMap":{},"s":{"0":1,"1":1,"2":0,"3":1},"f":{"0":0},"b":{}}
,"C:\\Users\\MyComputer\\Desktop\\rsschool-react\\src\\store\\appContext.ts": {"path":"C:\\Users\\MyComputer\\Desktop\\rsschool-react\\src\\store\\appContext.ts","statementMap":{"0":{"start":{"line":1,"column":0},"end":{"line":1,"column":38}},"1":{"start":{"line":15,"column":13},"end":{"line":24,"column":3}},"2":{"start":{"line":26,"column":13},"end":{"line":26,"column":47}}},"fnMap":{"0":{"name":"(anonymous_0)","decl":{"start":{"line":17,"column":18},"end":{"line":17,"column":21}},"loc":{"start":{"line":17,"column":23},"end":{"line":17,"column":26}}},"1":{"name":"(anonymous_1)","decl":{"start":{"line":19,"column":11},"end":{"line":19,"column":14}},"loc":{"start":{"line":19,"column":16},"end":{"line":19,"column":19}}},"2":{"name":"(anonymous_2)","decl":{"start":{"line":21,"column":15},"end":{"line":21,"column":18}},"loc":{"start":{"line":21,"column":20},"end":{"line":21,"column":23}}},"3":{"name":"(anonymous_3)","decl":{"start":{"line":23,"column":15},"end":{"line":23,"column":18}},"loc":{"start":{"line":23,"column":20},"end":{"line":23,"column":23}}}},"branchMap":{},"s":{"0":3,"1":3,"2":3},"f":{"0":3,"1":0,"2":0,"3":0},"b":{}}
,"C:\\Users\\MyComputer\\Desktop\\rsschool-react\\src\\tests\\testsMockData.ts": {"path":"C:\\Users\\MyComputer\\Desktop\\rsschool-react\\src\\tests\\testsMockData.ts","statementMap":{"0":{"start":{"line":1,"column":13},"end":{"line":28,"column":2}},"1":{"start":{"line":30,"column":13},"end":{"line":39,"column":2}},"2":{"start":{"line":41,"column":13},"end":{"line":41,"column":40}},"3":{"start":{"line":43,"column":13},"end":{"line":52,"column":2}}},"fnMap":{"0":{"name":"(anonymous_0)","decl":{"start":{"line":32,"column":18},"end":{"line":32,"column":21}},"loc":{"start":{"line":32,"column":23},"end":{"line":32,"column":26}}},"1":{"name":"(anonymous_1)","decl":{"start":{"line":34,"column":11},"end":{"line":34,"column":14}},"loc":{"start":{"line":34,"column":16},"end":{"line":34,"column":19}}},"2":{"name":"(anonymous_2)","decl":{"start":{"line":36,"column":15},"end":{"line":36,"column":18}},"loc":{"start":{"line":36,"column":20},"end":{"line":36,"column":23}}},"3":{"name":"(anonymous_3)","decl":{"start":{"line":38,"column":15},"end":{"line":38,"column":18}},"loc":{"start":{"line":38,"column":20},"end":{"line":38,"column":23}}},"4":{"name":"(anonymous_4)","decl":{"start":{"line":45,"column":18},"end":{"line":45,"column":21}},"loc":{"start":{"line":45,"column":23},"end":{"line":45,"column":26}}},"5":{"name":"(anonymous_5)","decl":{"start":{"line":47,"column":11},"end":{"line":47,"column":14}},"loc":{"start":{"line":47,"column":16},"end":{"line":47,"column":19}}},"6":{"name":"(anonymous_6)","decl":{"start":{"line":49,"column":15},"end":{"line":49,"column":18}},"loc":{"start":{"line":49,"column":20},"end":{"line":49,"column":23}}},"7":{"name":"(anonymous_7)","decl":{"start":{"line":51,"column":15},"end":{"line":51,"column":18}},"loc":{"start":{"line":51,"column":20},"end":{"line":51,"column":23}}}},"branchMap":{},"s":{"0":2,"1":2,"2":2,"3":2},"f":{"0":0,"1":0,"2":0,"3":0,"4":0,"5":0,"6":0,"7":0},"b":{}}
}
