TN:
SF:src\App.tsx
FN:5,App
FNF:1
FNH:1
FNDA:1,App
DA:1,1
DA:2,1
DA:3,1
DA:5,1
DA:6,1
LF:5
LH:5
BRF:0
BRH:0
end_of_record
TN:
SF:src\api\getData.ts
FN:6,getData
FNF:1
FNH:1
FNDA:5,getData
DA:3,2
DA:4,2
DA:6,2
DA:7,5
DA:11,0
DA:13,0
LF:6
LH:4
BRF:0
BRH:0
end_of_record
TN:
SF:src\components\Card\Card.tsx
FN:8,Card
FNF:1
FNH:1
FNDA:4,Card
DA:2,3
DA:8,3
DA:9,4
LF:3
LH:3
BRF:0
BRH:0
end_of_record
TN:
SF:src\components\CardsList\CardsList.tsx
FN:6,CardsList
FN:13,(anonymous_1)
FN:17,(anonymous_2)
FNF:3
FNH:2
FNDA:3,CardsList
FNDA:2,(anonymous_1)
FNDA:0,(anonymous_2)
DA:1,2
DA:2,2
DA:3,2
DA:4,2
DA:6,2
DA:7,3
DA:9,3
DA:14,2
DA:17,0
LF:9
LH:8
BRDA:12,0,0,1
BRDA:12,0,1,2
BRF:2
BRH:2
end_of_record
TN:
SF:src\components\PageSizeBtns\PageSizeBtns.tsx
FN:7,PageSizeBtns
FN:13,handleCardsQtyBtns
FN:27,(anonymous_2)
FN:31,(anonymous_3)
FNF:4
FNH:2
FNDA:2,PageSizeBtns
FNDA:0,handleCardsQtyBtns
FNDA:6,(anonymous_2)
FNDA:0,(anonymous_3)
DA:1,1
DA:2,1
DA:3,1
DA:4,1
DA:5,1
DA:7,1
DA:8,2
DA:9,2
DA:11,2
DA:14,0
DA:15,0
DA:17,0
DA:18,0
DA:20,0
DA:22,0
DA:24,2
DA:28,6
DA:31,0
LF:18
LH:11
BRF:0
BRH:0
end_of_record
TN:
SF:src\components\Pagination\Pagination.tsx
FN:7,Pagination
FN:12,(anonymous_1)
FN:19,displayArticles
FN:33,handlePagination
FN:47,(anonymous_4)
FN:51,(anonymous_5)
FNF:6
FNH:5
FNDA:2,Pagination
FNDA:1,(anonymous_1)
FNDA:1,displayArticles
FNDA:1,handlePagination
FNDA:20,(anonymous_4)
FNDA:0,(anonymous_5)
DA:1,1
DA:2,1
DA:3,1
DA:4,1
DA:5,1
DA:7,1
DA:8,2
DA:10,2
DA:12,2
DA:13,1
DA:16,2
DA:17,2
DA:20,1
DA:34,1
DA:36,1
DA:37,1
DA:42,1
DA:45,2
DA:48,20
DA:52,0
LF:20
LH:19
BRDA:20,0,0,0
BRDA:20,0,1,1
BRF:2
BRH:1
end_of_record
TN:
SF:src\components\SearchBar\SearchBar.tsx
FN:13,SearchBar
FN:20,(anonymous_1)
FN:24,onInputChange
FN:28,onInputClear
FN:35,onInputFocus
FN:39,displayArticles
FN:53,handleSearch
FNF:7
FNH:6
FNDA:5,SearchBar
FNDA:4,(anonymous_1)
FNDA:1,onInputChange
FNDA:2,onInputClear
FNDA:2,onInputFocus
FNDA:4,displayArticles
FNDA:0,handleSearch
DA:1,2
DA:8,2
DA:9,2
DA:10,2
DA:11,2
DA:13,2
DA:14,5
DA:16,5
DA:18,5
DA:20,5
DA:21,4
DA:25,1
DA:29,2
DA:30,2
DA:32,2
DA:36,2
DA:40,4
DA:54,0
DA:56,0
DA:57,0
DA:59,0
DA:60,0
DA:62,0
DA:65,5
LF:24
LH:18
BRDA:40,0,0,0
BRDA:40,0,1,4
BRF:2
BRH:1
end_of_record
TN:
SF:src\pages\Main\MainPage.tsx
FN:10,MainPage
FNF:1
FNH:1
FNDA:1,MainPage
DA:1,1
DA:3,1
DA:4,1
DA:5,1
DA:6,1
DA:7,1
DA:8,1
DA:10,1
DA:11,1
DA:15,1
DA:17,1
DA:21,1
DA:23,1
LF:13
LH:13
BRDA:12,0,0,1
BRDA:12,0,1,1
BRDA:15,1,0,1
BRDA:15,1,1,1
BRDA:18,2,0,1
BRDA:18,2,1,1
BRF:6
BRH:6
end_of_record
TN:
SF:src\pages\Main\Page404\Page404.tsx
FN:4,Page404
FNF:1
FNH:0
FNDA:0,Page404
DA:1,1
DA:2,1
DA:4,1
DA:5,0
LF:4
LH:3
BRF:0
BRH:0
end_of_record
TN:
SF:src\store\appContext.ts
FN:17,(anonymous_0)
FN:19,(anonymous_1)
FN:21,(anonymous_2)
FN:23,(anonymous_3)
FNF:4
FNH:1
FNDA:3,(anonymous_0)
FNDA:0,(anonymous_1)
FNDA:0,(anonymous_2)
FNDA:0,(anonymous_3)
DA:1,3
DA:15,3
DA:26,3
LF:3
LH:3
BRF:0
BRH:0
end_of_record
TN:
SF:src\tests\testsMockData.ts
FN:32,(anonymous_0)
FN:34,(anonymous_1)
FN:36,(anonymous_2)
FN:38,(anonymous_3)
FN:45,(anonymous_4)
FN:47,(anonymous_5)
FN:49,(anonymous_6)
FN:51,(anonymous_7)
FNF:8
FNH:0
FNDA:0,(anonymous_0)
FNDA:0,(anonymous_1)
FNDA:0,(anonymous_2)
FNDA:0,(anonymous_3)
FNDA:0,(anonymous_4)
FNDA:0,(anonymous_5)
FNDA:0,(anonymous_6)
FNDA:0,(anonymous_7)
DA:1,2
DA:30,2
DA:41,2
DA:43,2
LF:4
LH:4
BRF:0
BRH:0
end_of_record
