TN:
SF:src\api\getData.ts
FN:6,getData
FNF:1
FNH:0
FNDA:0,getData
DA:3,1
DA:4,1
DA:6,1
DA:7,0
DA:11,0
DA:13,0
DA:15,0
LF:7
LH:3
BRF:0
BRH:0
end_of_record
TN:
SF:src\components\Card\Card.tsx
FN:8,Card
FNF:1
FNH:1
FNDA:2,Card
DA:2,1
DA:8,1
DA:9,2
LF:3
LH:3
BRF:0
BRH:0
end_of_record
TN:
SF:src\components\CardsList\CardsList.tsx
FN:6,CardsList
FN:13,(anonymous_1)
FN:17,(anonymous_2)
FNF:3
FNH:2
FNDA:2,CardsList
FNDA:2,(anonymous_1)
FNDA:0,(anonymous_2)
DA:1,1
DA:2,1
DA:3,1
DA:4,1
DA:6,1
DA:7,2
DA:9,2
DA:14,2
DA:17,0
LF:9
LH:8
BRDA:12,0,0,1
BRDA:12,0,1,1
BRF:2
BRH:2
end_of_record
TN:
SF:src\components\SearchBar\SearchBar.tsx
FN:7,SearchBar
FN:14,(anonymous_1)
FN:18,onInputChange
FN:22,onInputClear
FN:29,onInputFocus
FN:33,displayArticles
FN:47,handleSearch
FNF:7
FNH:1
FNDA:17,SearchBar
FNDA:0,(anonymous_1)
FNDA:0,onInputChange
FNDA:0,onInputClear
FNDA:0,onInputFocus
FNDA:0,displayArticles
FNDA:0,handleSearch
DA:1,1
DA:2,1
DA:3,1
DA:4,1
DA:5,1
DA:7,1
DA:8,17
DA:10,16
DA:12,0
DA:14,0
DA:15,0
DA:19,0
DA:23,0
DA:24,0
DA:26,0
DA:30,0
DA:34,0
DA:48,0
DA:49,0
DA:51,0
DA:52,0
DA:54,0
DA:57,0
LF:23
LH:8
BRDA:34,0,0,0
BRDA:34,0,1,0
BRF:2
BRH:0
end_of_record
TN:
SF:src\store\appContext.ts
FN:17,(anonymous_0)
FN:19,(anonymous_1)
FN:21,(anonymous_2)
FN:23,(anonymous_3)
FNF:4
FNH:0
FNDA:0,(anonymous_0)
FNDA:0,(anonymous_1)
FNDA:0,(anonymous_2)
FNDA:0,(anonymous_3)
DA:1,2
DA:15,2
DA:26,2
LF:3
LH:3
BRF:0
BRH:0
end_of_record
